<?xml version="1.0" encoding="utf-8"?><testsuites name="pytest tests"><testsuite name="pytest" errors="0" failures="0" skipped="0" tests="471" time="26.024" timestamp="2026-09-21T16:27:12.282987+08:00" hostname="十一617"><testcase classname="tests.test_after_sales_application_service.AfterSalesApplicationServiceTests" name="test_builds_one_confirmation_gated_return_refund_proposal" time="0.009" /><testcase classname="tests.test_after_sales_application_service.AfterSalesApplicationServiceTests" name="test_collects_product_for_multi_item_order" time="0.008" /><testcase classname="tests.test_after_sales_application_service.AfterSalesApplicationServiceTests" name="test_confirmation_is_required_before_java_write" time="0.008" /><testcase classname="tests.test_after_sales_application_service.AfterSalesApplicationServiceTests" name="test_extractor_corrects_missing_evidence_span_once" time="0.008" /><testcase classname="tests.test_after_sales_application_service.AfterSalesApplicationServiceTests" name="test_extractor_discards_non_contiguous_evidence_span" time="0.007" /><testcase classname="tests.test_after_sales_application_service.AfterSalesApplicationServiceTests" name="test_java_eligibility_block_stops_before_policy_or_proposal" time="0.004" /><testcase classname="tests.test_after_sales_application_service.AfterSalesApplicationServiceTests" name="test_new_action_never_replaces_an_existing_transaction_gate" time="0.004" /><testcase classname="tests.test_after_sales_application_service.AfterSalesApplicationServiceTests" name="test_new_draft_never_guesses_goal_type_or_reason_from_keywords" time="0.002" /><testcase classname="tests.test_after_sales_application_service.AfterSalesApplicationServiceTests" name="test_new_ready_draft_preserves_existing_gate_instead_of_overwriting_it" time="0.004" /><testcase classname="tests.test_after_sales_application_service.AfterSalesApplicationServiceTests" name="test_no_policy_evidence_never_creates_proposal" time="0.004" /><testcase classname="tests.test_after_sales_application_service.AfterSalesApplicationServiceTests" name="test_pending_modification_model_failure_keeps_draft_and_never_prepares_action" time="0.002" /><testcase classname="tests.test_after_sales_application_service.AfterSalesApplicationServiceTests" name="test_pending_modification_without_grounded_fields_keeps_draft_and_never_prepares_action" time="0.002" /><testcase classname="tests.test_after_sales_application_service.AfterSalesApplicationServiceTests" name="test_ready_draft_can_resume_after_existing_gate_is_resolved" time="0.003" /><testcase classname="tests.test_after_sales_application_service.AfterSalesApplicationServiceTests" name="test_unrelated_message_does_not_consume_a_pending_draft" time="0.004" /><testcase classname="tests.test_agent_evaluation.AgentEvaluationTests" name="test_a_failed_expectation_is_reported_without_exposing_raw_message" time="0.003" /><testcase classname="tests.test_agent_evaluation.AgentEvaluationTests" name="test_committed_cases_pass_with_the_real_agent_control_flow" time="0.008" /><testcase classname="tests.test_agent_ops_governance" name="test_feedback_requires_owner_consent_and_human_approval_before_evalcase" time="0.003" /><testcase classname="tests.test_agent_ops_governance" name="test_feedback_cannot_be_reused_by_another_member_or_contain_customer_like_data" time="0.001" /><testcase classname="tests.test_agent_ops_governance" name="test_profile_run_emits_safe_versioned_manifest_without_fixture_text" time="0.443" /><testcase classname="tests.test_agent_ops_governance" name="test_customer_feedback_reason_code_is_a_closed_product_contract" time="0.001" /><testcase classname="tests.test_agent_ops_governance" name="test_deleting_a_conversation_removes_only_its_ephemeral_feedback_chain" time="0.001" /><testcase classname="tests.test_agent_service.AgentServiceTests" name="test_blocks_non_read_only_tool_calls" time="0.002" /><testcase classname="tests.test_agent_service.AgentServiceTests" name="test_missing_logistics_order_number_becomes_resumable_task" time="0.001" /><testcase classname="tests.test_agent_service.AgentServiceTests" name="test_records_read_only_tool_execution" time="0.001" /><testcase classname="tests.test_agent_service.AgentServiceTests" name="test_rejects_business_conclusion_without_verified_tool_result" time="0.001" /><testcase classname="tests.test_agent_service.AgentServiceTests" name="test_replaces_hallucinated_final_text_with_server_verified_facts" time="0.001" /><testcase classname="tests.test_agent_service.AgentServiceTests" name="test_returns_safe_message_when_llm_is_unavailable" time="0.001" /><testcase classname="tests.test_agent_service.AgentServiceTests" name="test_stops_before_calling_model_when_time_budget_is_exhausted" time="0.001" /><testcase classname="tests.test_agent_service.AgentServiceTests" name="test_stops_before_repeating_the_same_tool_call" time="0.002" /><testcase classname="tests.test_agent_tasks_router" name="test_create_task_returns_only_safe_public_projection" time="0.028" /><testcase classname="tests.test_agent_tasks_router" name="test_other_member_receives_not_found_without_task_enumeration" time="0.015" /><testcase classname="tests.test_agent_tasks_router" name="test_event_stream_is_safe_snapshot_without_internal_payload" time="0.015" /><testcase classname="tests.test_agent_tasks_router" name="test_single_agent_task_entry_waits_then_resumes_same_task_without_first_model_call" time="0.025" /><testcase classname="tests.test_authentication.AuthenticationClientTests" name="test_current_member_maps_malformed_java_profile_to_safe_error" time="0.002" /><testcase classname="tests.test_authentication.AuthenticationClientTests" name="test_current_member_rejects_invalid_token" time="0.002" /><testcase classname="tests.test_authentication.AuthenticationClientTests" name="test_invalid_java_credentials_are_not_returned_as_a_token" time="0.003" /><testcase classname="tests.test_authentication.AuthenticationClientTests" name="test_login_delegates_to_java_and_returns_safe_profile" time="0.003" /><testcase classname="tests.test_authentication_router.AuthenticationRouterTests" name="test_login_returns_java_issued_authorization_and_safe_profile" time="0.011" /><testcase classname="tests.test_authentication_router.AuthenticationRouterTests" name="test_me_maps_invalid_java_token_to_401" time="0.009" /><testcase classname="tests.test_authentication_router.AuthenticationRouterTests" name="test_me_requires_and_validates_bearer_token" time="0.012" /><testcase classname="tests.test_bm25_retriever.BM25RetrieverTests" name="test_bm25_ranks_exact_shipping_policy_above_unrelated_chunk" time="0.003" /><testcase classname="tests.test_bm25_retriever.BM25RetrieverTests" name="test_chinese_tokenizer_keeps_exact_term_signal" time="0.002" /><testcase classname="tests.test_bm25_retriever.BM25RetrieverTests" name="test_reads_markdown_corpus_without_a_remote_service" time="0.010" /><testcase classname="tests.test_bootstrap_live_demo.BootstrapLiveDemoPrivacyTests" name="test_stdout_excludes_machine_identifiers_and_result_file_is_explicit" time="0.014" /><testcase classname="tests.test_build19_2_operations_overview" name="test_handoff_overview_is_java_aggregate_only_and_accepts_the_selected_window" time="0.043" /><testcase classname="tests.test_build19_2_operations_overview" name="test_handoff_overview_rejects_invalid_window_without_contacting_java" time="0.008" /><testcase classname="tests.test_build19_2_operations_overview" name="test_handoff_overview_keeps_customer_token_out_of_operations_boundary" time="0.009" /><testcase classname="tests.test_build19_capabilities" name="test_build19_profiles_have_independent_scopes_and_writes" time="0.001" /><testcase classname="tests.test_build19_handoff" name="test_case_key_is_stable_without_raw_message" time="0.001" /><testcase classname="tests.test_build19_handoff" name="test_register_handoff_sends_only_allow_listed_fields" time="0.003" /><testcase classname="tests.test_build19_offline_critic" name="test_offline_critic_accepts_safe_contract_without_network_or_mutation" time="0.002" /><testcase classname="tests.test_build19_offline_critic" name="test_offline_critic_rejects_token_and_raw_order_fields" time="0.001" /><testcase classname="tests.test_build19_operations_agent" name="test_operations_agent_uses_one_model_call_and_the_human_selected_aggregate_window" time="0.001" /><testcase classname="tests.test_build19_operations_agent" name="test_operations_agent_rejects_unapproved_window_before_query_or_model_call" time="0.002" /><testcase classname="tests.test_build19_operations_agent" name="test_operations_agent_trace_contains_only_safe_lifecycle_metadata" time="0.001" /><testcase classname="tests.test_capability_completion" name="test_after_sales_amendment_versions_proposal_and_rejects_stale_confirmation" time="0.010" /><testcase classname="tests.test_capability_completion" name="test_human_case_confirmation_requires_only_safe_artifacts_and_is_idempotent" time="0.005" /><testcase classname="tests.test_capability_completion" name="test_human_gateway_reuses_existing_java_handoff_allow_list" time="0.002" /><testcase classname="tests.test_capability_completion" name="test_deterministic_provider_proposes_only_the_public_after_sales_draft_skill" time="0.001" /><testcase classname="tests.test_capability_completion" name="test_deterministic_provider_can_only_propose_a_confirmable_human_handoff" time="0.001" /><testcase classname="tests.test_capability_completion_runner" name="test_runner_requires_the_real_local_nginx_proxy" time="0.011" /><testcase classname="tests.test_capability_completion_runner" name="test_runner_never_persists_fixture_values_in_safe_report" time="0.006" /><testcase classname="tests.test_chat_scope_service.ChatScopeServiceTests" name="test_internal_chat_scope_is_not_present_in_public_projection" time="0.001" /><testcase classname="tests.test_chat_scope_service.ChatScopeServiceTests" name="test_out_of_scope_chat_uses_reviewed_template_without_second_llm_call" time="0.003" /><testcase classname="tests.test_chat_scope_service.ChatScopeServiceTests" name="test_unavailable_intent_model_returns_controlled_service_reply" time="0.002" /><testcase classname="tests.test_chunk_metadata_evaluation.ChunkMetadataEvaluationTests" name="test_bad_filter_contract_becomes_deterministic_failure" time="0.002" /><testcase classname="tests.test_chunk_metadata_evaluation.ChunkMetadataEvaluationTests" name="test_committed_synthetic_chunk_metadata_suite_passes" time="0.004" /><testcase classname="tests.test_chunk_metadata_evaluation.ChunkMetadataEvaluationTests" name="test_loader_rejects_duplicate_case_ids" time="0.001" /><testcase classname="tests.test_chunking_service.ChunkingServiceTests" name="test_contract_keeps_nested_conditions_exceptions_and_table_in_one_rule_chunk" time="0.001" /><testcase classname="tests.test_chunking_service.ChunkingServiceTests" name="test_keeps_document_and_section_metadata" time="0.004" /><testcase classname="tests.test_chunking_service.ChunkingServiceTests" name="test_long_rule_splits_only_at_natural_boundaries_with_small_overlap" time="0.003" /><testcase classname="tests.test_conversation_scope.ConversationScopeTests" name="test_anonymous_state_is_separate_from_member_state" time="0.002" /><testcase classname="tests.test_conversation_scope.ConversationScopeTests" name="test_same_browser_chat_id_cannot_share_two_members_state" time="0.001" /><testcase classname="tests.test_conversation_scope.ConversationScopeTests" name="test_same_member_and_chat_id_are_resumable" time="0.001" /><testcase classname="tests.test_conversation_state.ConversationStateTests" name="test_compacts_old_messages_without_losing_structured_facts" time="0.002" /><testcase classname="tests.test_conversation_state.ConversationStateTests" name="test_model_context_has_task_summary_but_not_raw_customer_history_or_ids" time="0.005" /><testcase classname="tests.test_conversation_state.ConversationStateTests" name="test_redis_adapter_serializes_task_state_and_sets_ttl" time="0.002" /><testcase classname="tests.test_conversation_state.ConversationStateTests" name="test_sessions_are_isolated" time="0.001" /><testcase classname="tests.test_cross_encoder_reranker.CrossEncoderRerankerTests" name="test_missing_model_cannot_trigger_an_implicit_download" time="0.001" /><testcase classname="tests.test_cross_encoder_reranker.CrossEncoderRerankerTests" name="test_reranker_receives_only_query_and_candidate_text" time="0.009" /><testcase classname="tests.test_customer_service_router.CustomerServiceRouterTests" name="test_forwards_bearer_token_and_persists_only_public_exchange" time="0.016" /><testcase classname="tests.test_customer_service_router.CustomerServiceRouterTests" name="test_history_append_failure_does_not_rewrite_a_completed_customer_reply" time="0.014" /><testcase classname="tests.test_customer_service_router.CustomerServiceRouterTests" name="test_history_client_discards_java_only_association_fields" time="0.002" /><testcase classname="tests.test_customer_service_router.CustomerServiceRouterTests" name="test_member_history_routes_validate_identity_and_forward_owner_token" time="0.037" /><testcase classname="tests.test_customer_service_router.CustomerServiceRouterTests" name="test_rejects_foreign_or_missing_history_before_agent_execution" time="0.007" /><testcase classname="tests.test_customer_service_router.CustomerServiceRouterTests" name="test_restores_only_safe_transcript_context_when_short_term_cache_is_empty" time="0.011" /><testcase classname="tests.test_customer_service_router.CustomerServiceRouterTests" name="test_same_public_conversation_is_scoped_to_verified_member" time="0.031" /><testcase classname="tests.test_customer_service_router.CustomerServiceRouterTests" name="test_serializes_only_customer_safe_response_fields" time="0.012" /><testcase classname="tests.test_customer_service_workflow.CustomerServiceWorkflowTests" name="test_agent_route_creates_normal_waiting_task_without_checkpoint_or_legacy_pending_field" time="0.005" /><testcase classname="tests.test_customer_service_workflow.CustomerServiceWorkflowTests" name="test_direct_logistics_answer_and_fact_card_are_server_rendered" time="0.007" /><testcase classname="tests.test_customer_service_workflow.CustomerServiceWorkflowTests" name="test_draft_proposal_and_confirmation_stay_behind_three_task_aware_turns" time="0.101" /><testcase classname="tests.test_customer_service_workflow.CustomerServiceWorkflowTests" name="test_every_new_message_uses_turn_plan_before_policy_rag_dispatch" time="0.002" /><testcase classname="tests.test_customer_service_workflow.CustomerServiceWorkflowTests" name="test_general_chat_detour_keeps_the_waiting_task_without_legacy_pending_route" time="0.002" /><testcase classname="tests.test_customer_service_workflow.CustomerServiceWorkflowTests" name="test_model_unavailability_stops_before_any_downstream_execution" time="0.002" /><testcase classname="tests.test_customer_service_workflow.CustomerServiceWorkflowTests" name="test_natural_gate_cancellation_only_withdraws_the_proposal_and_never_writes" time="0.002" /><testcase classname="tests.test_customer_service_workflow.CustomerServiceWorkflowTests" name="test_new_after_sales_task_is_dispatched_while_existing_transaction_gate_is_preserved" time="0.002" /><testcase classname="tests.test_customer_service_workflow.CustomerServiceWorkflowTests" name="test_policy_answer_is_returned_through_read_only_rag_without_narration" time="0.002" /><testcase classname="tests.test_customer_service_workflow.CustomerServiceWorkflowTests" name="test_policy_detour_pauses_and_then_naturally_resumes_order_diagnosis" time="0.003" /><testcase classname="tests.test_customer_service_workflow.CustomerServiceWorkflowTests" name="test_policy_question_does_not_submit_a_transaction_gate_but_natural_confirmation_does" time="0.003" /><testcase classname="tests.test_customer_service_workflow.CustomerServiceWorkflowTests" name="test_policy_rag_dependency_failure_stops_without_entering_business_flow" time="0.001" /><testcase classname="tests.test_customer_service_workflow.CustomerServiceWorkflowTests" name="test_unverified_agent_result_is_held_as_waiting_task_without_handoff" time="0.003" /><testcase classname="tests.test_diagnosis_agent.DiagnosisAgentTests" name="test_langgraph_binds_a_real_long_order_number_when_model_omits_it" time="0.020" /><testcase classname="tests.test_diagnosis_agent.DiagnosisAgentTests" name="test_langgraph_does_not_escalate_other_member_order_probe" time="0.020" /><testcase classname="tests.test_diagnosis_agent.DiagnosisAgentTests" name="test_langgraph_handoffs_when_policy_has_no_evidence" time="0.020" /><testcase classname="tests.test_diagnosis_agent.DiagnosisAgentTests" name="test_langgraph_returns_pending_read_only_call_without_execution" time="0.017" /><testcase classname="tests.test_diagnosis_agent.DiagnosisAgentTests" name="test_langgraph_runs_multi_tool_diagnosis_and_keeps_facts_server_owned" time="0.022" /><testcase classname="tests.test_diagnosis_agent.DiagnosisAgentTests" name="test_logistics_facade_without_delivery_observation_is_facts_incomplete" time="0.019" /><testcase classname="tests.test_diagnosis_agent.DiagnosisAgentTests" name="test_missing_order_identifier_is_normal_waiting_input_without_durable_interrupt" time="0.019" /><testcase classname="tests.test_diagnosis_agent.DiagnosisAgentTests" name="test_order_diagnosis_repairs_prose_before_first_order_fact" time="0.018" /><testcase classname="tests.test_diagnosis_agent.DiagnosisAgentTests" name="test_order_exception_model_plans_before_the_server_executes_its_read_only_tool" time="0.017" /><testcase classname="tests.test_diagnosis_agent.DiagnosisAgentTests" name="test_order_only_fact_never_becomes_policy_insufficient" time="0.017" /><testcase classname="tests.test_diagnosis_agent.DiagnosisAgentTests" name="test_pure_policy_consultation_can_complete_without_order_or_logistics" time="0.018" /><testcase classname="tests.test_diagnosis_agent.DiagnosisAgentTests" name="test_unverified_free_text_in_order_diagnosis_becomes_waiting_input" time="0.022" /><testcase classname="tests.test_diagnosis_evaluation.DiagnosisEvaluationTests" name="test_committed_langgraph_cases_pass" time="0.076" /><testcase classname="tests.test_download_reranker_model.DownloadRerankerModelTests" name="test_readiness_requires_the_onnx_model_and_tokenizer_contract" time="0.005" /><testcase classname="tests.test_durable_diagnosis.DurableDiagnosisTests" name="test_ambiguous_identifier_remains_interrupted_without_tool_execution" time="0.008" /><testcase classname="tests.test_durable_diagnosis.DurableDiagnosisTests" name="test_concurrent_resume_lock_returns_busy_without_an_extra_tool_read" time="0.006" /><testcase classname="tests.test_durable_diagnosis.DurableDiagnosisTests" name="test_duplicate_resume_is_explainable_and_does_not_repeat_read" time="0.009" /><testcase classname="tests.test_durable_diagnosis.DurableDiagnosisTests" name="test_expired_and_cancelled_checkpoints_never_execute_tools" time="0.010" /><testcase classname="tests.test_durable_diagnosis.DurableDiagnosisTests" name="test_incompatible_version_is_deleted_and_never_resumed" time="0.005" /><testcase classname="tests.test_durable_diagnosis.DurableDiagnosisTests" name="test_redis_checkpoint_survives_new_manager_and_never_persists_resume_input" time="0.012" /><testcase classname="tests.test_durable_diagnosis.DurableDiagnosisTests" name="test_redis_failure_fails_closed_before_a_new_pending_state_is_created" time="0.001" /><testcase classname="tests.test_durable_diagnosis.DurableDiagnosisTests" name="test_wrong_owner_cannot_resume_another_members_checkpoint" time="0.005" /><testcase classname="tests.test_durable_recovery_runner" name="test_proposal_fixture_isolated_per_case_and_logs_in_via_public_api" time="0.008" /><testcase classname="tests.test_durable_recovery_runner" name="test_store_recovery_waits_for_java_after_redis_container_is_healthy" time="0.000" /><testcase classname="tests.test_embedding_and_vector_store.EmbeddingAndVectorStoreTests" name="test_batch_search_keeps_each_query_row_separate" time="0.003" /><testcase classname="tests.test_embedding_and_vector_store.EmbeddingAndVectorStoreTests" name="test_dense_search_applies_structured_metadata_before_vector_query" time="0.002" /><testcase classname="tests.test_embedding_and_vector_store.EmbeddingAndVectorStoreTests" name="test_embedding_failure_keeps_the_previous_collection_untouched" time="0.002" /><testcase classname="tests.test_embedding_and_vector_store.EmbeddingAndVectorStoreTests" name="test_legacy_chunk_index_fails_closed_without_customer_request_reingestion" time="0.002" /><testcase classname="tests.test_embedding_and_vector_store.EmbeddingAndVectorStoreTests" name="test_local_collection_metadata_records_its_vector_contract" time="0.001" /><testcase classname="tests.test_embedding_and_vector_store.EmbeddingAndVectorStoreTests" name="test_local_model_missing_files_fails_closed" time="0.003" /><testcase classname="tests.test_embedding_and_vector_store.EmbeddingAndVectorStoreTests" name="test_local_provider_embeds_without_any_http_dependency" time="0.001" /><testcase classname="tests.test_embedding_and_vector_store.EmbeddingAndVectorStoreTests" name="test_single_query_uses_the_same_local_batch_path" time="0.001" /><testcase classname="tests.test_fact_presentation_service.FactPresentationServiceTests" name="test_exposes_only_allow_listed_order_fields" time="0.001" /><testcase classname="tests.test_fact_presentation_service.FactPresentationServiceTests" name="test_marks_inventory_as_demo_until_java_integration_exists" time="0.001" /><testcase classname="tests.test_field_acceptance" name="test_manifest_field_categories_have_expected_case_counts" time="0.012" /><testcase classname="tests.test_field_acceptance" name="test_compose_service_state_requires_an_observed_service_line" time="0.000" /><testcase classname="tests.test_field_acceptance" name="test_release_gate_rejects_deterministic_fault_contract_as_field_evidence" time="0.011" /><testcase classname="tests.test_field_acceptance" name="test_release_gate_accepts_only_all_ready_live_cases" time="0.009" /><testcase classname="tests.test_field_acceptance" name="test_durable_recovery_child_receives_an_absolute_report_path" time="0.011" /><testcase classname="tests.test_field_acceptance" name="test_browser_runner_binds_the_disposable_fixture_customer" time="0.005" /><testcase classname="tests.test_field_acceptance" name="test_customer_page_does_not_render_the_authenticated_username" time="0.001" /><testcase classname="tests.test_field_acceptance" name="test_public_release_validator_accepts_a_dynamic_fastapi_total" time="0.002" /><testcase classname="tests.test_health.ReadinessTests" name="test_invalid_backend_is_not_ready" time="0.001" /><testcase classname="tests.test_health.ReadinessTests" name="test_memory_backend_is_ready_without_external_calls" time="0.001" /><testcase classname="tests.test_health.ReadinessTests" name="test_ready_endpoint_returns_503_for_unavailable_dependency" time="0.007" /><testcase classname="tests.test_health.ReadinessTests" name="test_ready_endpoint_returns_safe_success_summary" time="0.005" /><testcase classname="tests.test_health.ReadinessTests" name="test_redis_backend_fails_closed_when_ping_raises" time="0.001" /><testcase classname="tests.test_health.ReadinessTests" name="test_redis_backend_reports_ready_after_ping" time="0.001" /><testcase classname="tests.test_intent_schema.IntentSchemaTests" name="test_accepts_bounded_general_chat_scope" time="0.001" /><testcase classname="tests.test_intent_schema.IntentSchemaTests" name="test_accepts_missing_information_without_executing_tool" time="0.001" /><testcase classname="tests.test_intent_schema.IntentSchemaTests" name="test_accepts_unified_after_sales_flow_without_direct_tool_call" time="0.001" /><testcase classname="tests.test_intent_schema.IntentSchemaTests" name="test_accepts_valid_logistics_tool_call" time="0.000" /><testcase classname="tests.test_intent_schema.IntentSchemaTests" name="test_complex_delivery_diagnosis_contract_uses_agent_not_one_shot_query" time="0.000" /><testcase classname="tests.test_intent_schema.IntentSchemaTests" name="test_converts_invalid_model_output_to_safe_intent_error" time="0.003" /><testcase classname="tests.test_intent_schema.IntentSchemaTests" name="test_intent_prompt_has_auditable_semantic_version" time="0.002" /><testcase classname="tests.test_intent_schema.IntentSchemaTests" name="test_intent_uses_one_schema_correction_before_safe_routing" time="0.004" /><testcase classname="tests.test_intent_schema.IntentSchemaTests" name="test_invalid_non_object_model_output_becomes_safe_intent_error" time="0.003" /><testcase classname="tests.test_intent_schema.IntentSchemaTests" name="test_model_availability_error_does_not_blame_the_customer" time="0.002" /><testcase classname="tests.test_intent_schema.IntentSchemaTests" name="test_policy_is_read_only_rag_and_other_after_sales_actions_use_unified_flow" time="0.002" /><testcase classname="tests.test_intent_schema.IntentSchemaTests" name="test_prompt_distinguishes_after_sales_application_progress_from_logistics_progress" time="0.001" /><testcase classname="tests.test_intent_schema.IntentSchemaTests" name="test_prompt_marks_colloquial_order_delay_as_mall_scope_not_general_chat" time="0.000" /><testcase classname="tests.test_intent_schema.IntentSchemaTests" name="test_prompt_requires_clarification_for_ambiguous_two_task_context" time="0.001" /><testcase classname="tests.test_intent_schema.IntentSchemaTests" name="test_rejects_general_chat_without_scope" time="0.001" /><testcase classname="tests.test_intent_schema.IntentSchemaTests" name="test_rejects_invented_tool_name" time="0.001" /><testcase classname="tests.test_intent_schema.IntentSchemaTests" name="test_rejects_policy_intent_outside_read_only_rag" time="0.001" /><testcase classname="tests.test_intent_schema.IntentSchemaTests" name="test_rejects_rag_route_with_tool_call" time="0.001" /><testcase classname="tests.test_intent_schema.IntentSchemaTests" name="test_rejects_unified_after_sales_flow_with_direct_tool_call" time="0.001" /><testcase classname="tests.test_intent_schema.IntentSchemaTests" name="test_task_aware_turn_plan_rejects_missing_relation_fields" time="0.000" /><testcase classname="tests.test_intent_schema.IntentSchemaTests" name="test_turn_plan_accepts_existing_after_sales_status_as_one_turn_flow" time="0.000" /><testcase classname="tests.test_intent_schema.IntentSchemaTests" name="test_turn_plan_rejects_confirmation_that_impersonates_a_conversation_task" time="0.001" /><testcase classname="tests.test_knowledge_contract.KnowledgeContractTests" name="test_chunk_contract_rejects_missing_version_and_effective_date" time="0.001" /><testcase classname="tests.test_knowledge_contract.KnowledgeContractTests" name="test_committed_demo_corpus_has_a_valid_retrieval_and_grounding_contract" time="0.003" /><testcase classname="tests.test_knowledge_contract.KnowledgeContractTests" name="test_reports_a_retrieval_case_that_points_to_a_missing_section" time="0.000" /><testcase classname="tests.test_knowledge_contract.KnowledgeContractTests" name="test_requires_empty_sources_for_no_evidence_grounding_cases" time="0.001" /><testcase classname="tests.test_live_model_agent_evaluation" name="test_open_task_suite_has_unique_hashed_cases" time="0.002" /><testcase classname="tests.test_live_model_agent_evaluation" name="test_holdout_v3_allows_required_resolution_read_without_mutating_v2" time="0.004" /><testcase classname="tests.test_live_model_agent_evaluation" name="test_unlisted_skill_remains_an_irrelevant_call_failure" time="0.001" /><testcase classname="tests.test_live_model_agent_evaluation" name="test_fault_injected_model_case_proves_safe_stop_without_environment_claim" time="0.062" /><testcase classname="tests.test_live_model_agent_evaluation" name="test_runner_can_replay_a_contract_case_without_calling_a_provider" time="0.042" /><testcase classname="tests.test_live_model_agent_evaluation" name="test_replay_proposal_uses_server_confirmation_executor_mapping" time="0.042" /><testcase classname="tests.test_live_release_preflight" name="test_missing_password_fails_closed_without_secret_in_error" time="0.001" /><testcase classname="tests.test_live_release_preflight" name="test_present_password_runs_local_account_preflight_without_provider" time="0.090" /><testcase classname="tests.test_live_release_preflight" name="test_runner_preflight_blocks_before_batch_lock_or_report" time="0.004" /><testcase classname="tests.test_live_release_preflight" name="test_preflight_failure_text_never_contains_password_or_provider_payload" time="0.000" /><testcase classname="tests.test_live_release_preflight" name="test_environment_name_is_consistent_across_runner_compose_and_powershell" time="0.003" /><testcase classname="tests.test_live_release_preflight" name="test_v304_final_entry_is_a_real_single_batch_path_with_ephemeral_password" time="0.001" /><testcase classname="tests.test_llm_service_observability.LLMServiceObservabilityTests" name="test_auth_and_payment_provider_statuses_are_not_retried" time="0.003" /><testcase classname="tests.test_llm_service_observability.LLMServiceObservabilityTests" name="test_invalid_model_contract_is_recorded_as_one_failed_call" time="0.001" /><testcase classname="tests.test_llm_service_observability.LLMServiceObservabilityTests" name="test_missing_provider_tool_id_is_a_contract_failure" time="0.001" /><testcase classname="tests.test_llm_service_observability.LLMServiceObservabilityTests" name="test_network_failure_is_classified_and_retry_cap_is_applied" time="0.001" /><testcase classname="tests.test_llm_service_observability.LLMServiceObservabilityTests" name="test_retryable_status_and_timeout_observe_the_configured_cap" time="0.003" /><testcase classname="tests.test_llm_service_observability.LLMServiceObservabilityTests" name="test_success_records_latency_attempts_and_usage_without_prompt" time="0.001" /><testcase classname="tests.test_llm_service_observability.LLMServiceObservabilityTests" name="test_thinking_tool_response_preserves_transient_reasoning_and_call_id" time="0.002" /><testcase classname="tests.test_llm_service_observability.LLMServiceObservabilityTests" name="test_timeout_is_bounded_and_never_leaks_payload_content" time="0.001" /><testcase classname="tests.test_llm_service_observability.LLMServiceObservabilityTests" name="test_tool_planning_uses_the_reviewed_high_reasoning_profile" time="0.002" /><testcase classname="tests.test_local_demo_access_script_contract" name="test_local_demo_identity_script_keeps_mysql_sql_off_native_command_line" time="0.002" /><testcase classname="tests.test_local_demo_access_script_contract" name="test_portfolio_release_treats_the_denied_provider_guard_as_a_preflight_pass" time="0.002" /><testcase classname="tests.test_local_live_verifier_proxy_contract" name="test_local_live_verifiers_disable_host_proxy_inheritance" time="0.009" /><testcase classname="tests.test_local_live_verifier_proxy_contract" name="test_v3_live_synthetic_runner_has_a_reviewed_mapping_for_each_manifest_family" time="0.002" /><testcase classname="tests.test_mall_client.MallApiClientTests" name="test_converts_unauthorized_response_to_safe_message" time="0.002" /><testcase classname="tests.test_mall_client.MallApiClientTests" name="test_generic_after_sales_write_carries_internal_capability" time="0.001" /><testcase classname="tests.test_mall_client.MallApiClientTests" name="test_marks_other_member_or_missing_order_as_non_enumerating_input_error" time="0.001" /><testcase classname="tests.test_mall_client.MallApiClientTests" name="test_rejects_missing_bearer_token" time="0.001" /><testcase classname="tests.test_mall_client.MallApiClientTests" name="test_returns_only_the_ai_order_snapshot" time="0.001" /><testcase classname="tests.test_mcp_readonly_contract.McpReadonlyContractTests" name="test_distinct_server_derived_operators_cannot_reuse_one_mcp_session" time="0.002" /><testcase classname="tests.test_mcp_readonly_contract.McpReadonlyContractTests" name="test_extra_scope_field_is_rejected_before_any_java_read" time="0.001" /><testcase classname="tests.test_mcp_readonly_contract.McpReadonlyContractTests" name="test_initialize_rejects_a_conflicting_protocol_header_without_opening_session" time="0.028" /><testcase classname="tests.test_mcp_readonly_contract.McpReadonlyContractTests" name="test_initialize_rejects_excessively_nested_metadata_before_opening_session" time="0.006" /><testcase classname="tests.test_mcp_readonly_contract.McpReadonlyContractTests" name="test_initialize_rejects_nested_scope_or_write_parameters_before_opening_session" time="0.006" /><testcase classname="tests.test_mcp_readonly_contract.McpReadonlyContractTests" name="test_json_rpc_initialize_and_tools_list_use_server_derived_scope" time="0.001" /><testcase classname="tests.test_mcp_readonly_contract.McpReadonlyContractTests" name="test_member_tool_list_is_read_only_and_excludes_operations_handoff" time="0.000" /><testcase classname="tests.test_mcp_readonly_contract.McpReadonlyContractTests" name="test_operator_only_sees_minimal_case_handoff_tool" time="0.000" /><testcase classname="tests.test_mcp_readonly_contract.McpReadonlyContractTests" name="test_order_tool_reuses_current_member_java_scope_and_returns_minimal_projection" time="0.001" /><testcase classname="tests.test_mcp_readonly_contract.McpReadonlyContractTests" name="test_post_after_initialize_requires_matching_protocol_header_before_tool_execution" time="0.013" /><testcase classname="tests.test_mcp_readonly_contract.McpReadonlyContractTests" name="test_router_returns_401_for_unauthenticated_mcp_call" time="0.005" /><testcase classname="tests.test_mcp_readonly_contract.McpReadonlyContractTests" name="test_streamable_http_get_requires_the_same_owner_session_and_only_emits_sse_readiness" time="0.011" /><testcase classname="tests.test_mcp_readonly_contract.McpReadonlyContractTests" name="test_streamable_http_initializes_session_then_requires_it_for_tools_and_notification" time="0.016" /><testcase classname="tests.test_mcp_readonly_contract.McpReadonlyContractTests" name="test_streamable_http_rejects_invalid_notification_id_and_allows_explicit_session_close" time="0.028" /><testcase classname="tests.test_mcp_readonly_contract.McpReadonlyContractTests" name="test_streamable_http_rejects_missing_or_cross_subject_sessions_without_reading_tools" time="0.018" /><testcase classname="tests.test_mcp_readonly_contract.McpReadonlyContractTests" name="test_streamable_http_requires_accept_and_json_content_type_before_protocol_execution" time="0.009" /><testcase classname="tests.test_operations_client" name="test_legacy_business_unauthorized_result_maps_to_http_401" time="0.001" /><testcase classname="tests.test_operations_client" name="test_missing_case_preserves_the_java_not_found_status" time="0.001" /><testcase classname="tests.test_policy_metadata.PolicyMetadataTests" name="test_filter_schema_rejects_unknown_model_controlled_fields" time="0.001" /><testcase classname="tests.test_policy_metadata.PolicyMetadataTests" name="test_future_requested_date_cannot_widen_published_effective_date" time="0.001" /><testcase classname="tests.test_policy_metadata.PolicyMetadataTests" name="test_metadata_matching_filters_version_date_category_language_and_type" time="0.000" /><testcase classname="tests.test_policy_metadata.PolicyMetadataTests" name="test_published_scope_keeps_default_hard_filters_when_category_is_added" time="0.000" /><testcase classname="tests.test_policy_metadata.PolicyMetadataTests" name="test_real_dense_path_receives_server_resolved_filter" time="0.001" /><testcase classname="tests.test_policy_query.PolicyQueryTests" name="test_normalizes_and_bounds_input_without_semantic_rewrite" time="0.001" /><testcase classname="tests.test_policy_query.PolicyQueryTests" name="test_removes_identifier_like_values_but_keeps_policy_terms" time="0.000" /><testcase classname="tests.test_policy_retrieval.PolicyRetrievalTests" name="test_candidate_gate_keeps_calibrated_dense_or_positive_bm25_only" time="0.001" /><testcase classname="tests.test_policy_retrieval.PolicyRetrievalTests" name="test_hybrid_is_not_a_bm25_fallback_when_dense_fails" time="0.005" /><testcase classname="tests.test_policy_retrieval.PolicyRetrievalTests" name="test_hybrid_uses_both_sources_and_passes_sanitized_query" time="0.002" /><testcase classname="tests.test_policy_retrieval.PolicyRetrievalTests" name="test_reranker_failure_keeps_safe_hybrid_candidates" time="0.002" /><testcase classname="tests.test_policy_retrieval.PolicyRetrievalTests" name="test_rrf_rewards_a_chunk_found_by_both_retrievers" time="0.001" /><testcase classname="tests.test_prepare_local_rag.PrepareLocalRagTests" name="test_check_only_does_not_download_or_rebuild" time="0.005" /><testcase classname="tests.test_prepare_local_rag.PrepareLocalRagTests" name="test_copy_runtime_model_files_uses_allow_list_only" time="0.023" /><testcase classname="tests.test_prepare_local_rag.PrepareLocalRagTests" name="test_embedding_ready_requires_every_runtime_file" time="0.006" /><testcase classname="tests.test_prepare_local_rag.PrepareLocalRagTests" name="test_script_makes_service_root_importable" time="0.002" /><testcase classname="tests.test_provider_guard" name="test_key_alone_is_not_authorization_and_http_is_not_called" time="0.001" /><testcase classname="tests.test_provider_guard" name="test_formal_live_context_missing_one_field_fails_closed[release_id]" time="0.001" /><testcase classname="tests.test_provider_guard" name="test_formal_live_context_missing_one_field_fails_closed[batch_id]" time="0.001" /><testcase classname="tests.test_provider_guard" name="test_formal_live_context_missing_one_field_fails_closed[ledger_path]" time="0.001" /><testcase classname="tests.test_provider_guard" name="test_formal_live_context_missing_one_field_fails_closed[runtime_commit]" time="0.001" /><testcase classname="tests.test_provider_guard" name="test_complete_mock_context_is_the_only_unit_fixture_that_allows_mock_http" time="0.001" /><testcase classname="tests.test_provider_guard" name="test_environment_key_and_live_mode_without_explicit_auth_stay_blocked" time="0.006" /><testcase classname="tests.test_quality_checkpoint.QualityCheckpointTests" name="test_llm_metrics_are_opt_in_and_cost_is_only_estimated_with_usage" time="0.007" /><testcase classname="tests.test_quality_checkpoint.QualityCheckpointTests" name="test_reports_progress_and_separates_quality_from_environment_failures" time="0.001" /><testcase classname="tests.test_quality_checkpoint.QualityCheckpointTests" name="test_review_signal_is_not_misreported_as_a_quality_or_network_failure" time="0.001" /><testcase classname="tests.test_quality_checkpoint.QualityCheckpointTests" name="test_total_case_budget_marks_unrun_cases_without_running_them" time="0.001" /><testcase classname="tests.test_quality_developer_client" name="test_get_current_quality_developer_accepts_only_the_safe_profile" time="0.002" /><testcase classname="tests.test_quality_developer_client" name="test_get_current_quality_developer_rejects_operations_or_customer_boundary" time="0.002" /><testcase classname="tests.test_quality_developer_client" name="test_login_proves_dedicated_developer_role_before_returning_token" time="0.002" /><testcase classname="tests.test_quality_evaluation_agent" name="test_committed_quality_suite_is_repeatable_offline_and_does_not_emit_trace" time="0.401" /><testcase classname="tests.test_quality_evaluation_agent" name="test_fact_threshold_and_expected_rejection_contracts_are_covered" time="0.394" /><testcase classname="tests.test_quality_evaluation_agent" name="test_real_regression_failure_remains_failed_when_not_marked_as_expected_rejection" time="0.317" /><testcase classname="tests.test_quality_evaluation_agent" name="test_ai_failure_analysis_is_not_requested_for_expected_red_team_rejections" time="0.278" /><testcase classname="tests.test_quality_evaluation_agent" name="test_ai_failure_analysis_is_requested_only_after_a_real_failed_contract" time="0.384" /><testcase classname="tests.test_quality_evaluation_agent" name="test_unavailable_ai_failure_analysis_does_not_change_deterministic_result" time="0.421" /><testcase classname="tests.test_quality_evaluation_agent" name="test_suite_has_only_versioned_synthetic_inputs" time="0.002" /><testcase classname="tests.test_quality_evaluation_agent" name="test_live_model_suite_is_versioned_and_contains_only_real_model_cases" time="0.003" /><testcase classname="tests.test_quality_evaluation_agent" name="test_contract_mock_never_touches_pending_customer_state" time="0.379" /><testcase classname="tests.test_quality_evaluation_agent" name="test_live_model_environment_failure_is_reported_without_becoming_a_false_pass" time="0.009" /><testcase classname="tests.test_quality_evaluation_agent" name="test_live_model_synthetic_uses_zero_temperature_without_real_tool_access" time="0.029" /><testcase classname="tests.test_quality_evaluation_agent" name="test_replay_rejects_fixture_hash_mismatch_before_any_agent_execution" time="0.377" /><testcase classname="tests.test_quality_router" name="test_quality_run_requires_a_developer_identity_before_running_suite" time="0.009" /><testcase classname="tests.test_quality_router" name="test_quality_run_and_review_only_return_safe_result_projection" time="0.337" /><testcase classname="tests.test_quality_router" name="test_quality_developer_can_explicitly_select_manual_live_synthetic_mode" time="0.473" /><testcase classname="tests.test_quality_router" name="test_contract_mock_run_exposes_safe_replay_status_and_replays_retained_fixture" time="0.984" /><testcase classname="tests.test_quality_router" name="test_live_or_unretained_quality_run_cannot_be_replayed" time="0.476" /><testcase classname="tests.test_rag2_evaluation.Rag2EvaluationTests" name="test_committed_golden_suite_is_versioned_and_expanded" time="0.004" /><testcase classname="tests.test_rag2_evaluation.Rag2EvaluationTests" name="test_grounding_can_run_a_reviewed_targeted_smoke_subset" time="0.001" /><testcase classname="tests.test_rag2_evaluation.Rag2EvaluationTests" name="test_grounding_contract_checks_sources_and_safe_abstention" time="0.001" /><testcase classname="tests.test_rag2_evaluation.Rag2EvaluationTests" name="test_missing_reranker_blocks_a_rerank_measurement_but_not_customer_fallback" time="0.001" /><testcase classname="tests.test_rag2_evaluation.Rag2EvaluationTests" name="test_policy_query_abstains_for_unsupported_payment_route" time="0.001" /><testcase classname="tests.test_rag2_evaluation.Rag2EvaluationTests" name="test_policy_query_preserves_current_rule_request_for_versioned_retrieval" time="0.001" /><testcase classname="tests.test_rag2_evaluation.Rag2EvaluationTests" name="test_provider_unavailability_is_not_scored_as_a_grounding_failure" time="0.001" /><testcase classname="tests.test_rag2_evaluation.Rag2EvaluationTests" name="test_retrieval_metrics_measure_recall_mrr_ndcg_and_local_cost" time="0.001" /><testcase classname="tests.test_rag2_evaluation.Rag2EvaluationTests" name="test_retrieval_missing_allowed_evidence_is_a_quality_failure" time="0.001" /><testcase classname="tests.test_rag_evaluation.RagEvaluationTests" name="test_calibrated_threshold_keeps_supported_and_refuses_unsupported" time="0.001" /><testcase classname="tests.test_rag_evaluation.RagEvaluationTests" name="test_distinguishes_raw_recall_from_the_rag_evidence_gate" time="0.001" /><testcase classname="tests.test_rag_evaluation.RagEvaluationTests" name="test_reports_recall_for_supported_cases_only" time="0.001" /><testcase classname="tests.test_rag_evaluation.RagEvaluationTests" name="test_uses_batch_retrieval_when_the_evaluation_runner_provides_it" time="0.001" /><testcase classname="tests.test_rag_evidence_verifier.RagEvidenceVerifierTests" name="test_after_window_answer_uses_only_the_directly_applicable_section" time="0.002" /><testcase classname="tests.test_rag_evidence_verifier.RagEvidenceVerifierTests" name="test_current_policy_can_answer_despite_user_recalling_an_old_rule" time="0.002" /><testcase classname="tests.test_rag_evidence_verifier.RagEvidenceVerifierTests" name="test_keeps_only_model_selected_candidate_sources" time="0.001" /><testcase classname="tests.test_rag_evidence_verifier.RagEvidenceVerifierTests" name="test_prompt_treats_policy_backed_non_commitment_as_sufficient" time="0.002" /><testcase classname="tests.test_rag_evidence_verifier.RagEvidenceVerifierTests" name="test_refund_timing_does_not_support_cash_out_or_account_transfer" time="0.001" /><testcase classname="tests.test_rag_evidence_verifier.RagEvidenceVerifierTests" name="test_refund_timing_still_answers_a_normal_timing_question" time="0.001" /><testcase classname="tests.test_rag_evidence_verifier.RagEvidenceVerifierTests" name="test_rejects_a_true_verdict_without_any_source" time="0.001" /><testcase classname="tests.test_rag_evidence_verifier.RagEvidenceVerifierTests" name="test_rejects_an_unknown_source_id_instead_of_trusting_the_model" time="0.004" /><testcase classname="tests.test_rag_evidence_verifier.RagEvidenceVerifierTests" name="test_returns_no_evidence_when_verifier_says_policy_is_insufficient" time="0.001" /><testcase classname="tests.test_rag_evidence_verifier.RagEvidenceVerifierTests" name="test_untrusted_policy_text_cannot_close_the_data_delimiter" time="0.002" /><testcase classname="tests.test_rag_grounding_evaluation.RagGroundingEvaluationTests" name="test_does_not_flag_a_forbidden_phrase_when_the_answer_explicitly_denies_it" time="0.001" /><testcase classname="tests.test_rag_grounding_evaluation.RagGroundingEvaluationTests" name="test_ignores_whitespace_in_a_reviewed_fact_marker" time="0.001" /><testcase classname="tests.test_rag_grounding_evaluation.RagGroundingEvaluationTests" name="test_keeps_an_affirmative_claim_after_an_unrelated_denial_as_a_failure" time="0.001" /><testcase classname="tests.test_rag_grounding_evaluation.RagGroundingEvaluationTests" name="test_reports_a_forbidden_claim_even_when_the_source_is_correct" time="0.001" /><testcase classname="tests.test_rag_grounding_evaluation.RagGroundingEvaluationTests" name="test_reports_supported_no_evidence_and_retrieval_unavailable_outcomes" time="0.001" /><testcase classname="tests.test_rag_grounding_evaluation.RagGroundingEvaluationTests" name="test_separates_provider_outage_from_grounding_quality_failure" time="0.001" /><testcase classname="tests.test_rag_service.RagServiceTests" name="test_answer_prompt_delimits_untrusted_policy_text" time="0.001" /><testcase classname="tests.test_rag_service.RagServiceTests" name="test_distinguishes_answer_generation_outage_from_no_evidence" time="0.001" /><testcase classname="tests.test_rag_service.RagServiceTests" name="test_fails_closed_when_evidence_verifier_is_unavailable" time="0.001" /><testcase classname="tests.test_rag_service.RagServiceTests" name="test_fails_closed_when_trusted_retrieval_is_unavailable" time="0.002" /><testcase classname="tests.test_rag_service.RagServiceTests" name="test_refuses_to_answer_when_no_chunk_meets_distance_threshold" time="0.001" /><testcase classname="tests.test_rag_service.RagServiceTests" name="test_refuses_when_semantic_verifier_rejects_close_but_insufficient_evidence" time="0.002" /><testcase classname="tests.test_rag_service.RagServiceTests" name="test_returns_server_generated_source_metadata" time="0.001" /><testcase classname="tests.test_rag_verifier_evaluation.RagVerifierEvaluationTests" name="test_marks_verifier_outage_as_environment_blocked" time="0.001" /><testcase classname="tests.test_rag_verifier_evaluation.RagVerifierEvaluationTests" name="test_reports_supported_and_no_evidence_results_separately" time="0.000" /><testcase classname="tests.test_real_local_showcase" name="test_showcase_error_is_a_safe_enumerated_projection" time="0.000" /><testcase classname="tests.test_real_local_showcase" name="test_status_class_and_ledger_context_are_deterministic" time="0.000" /><testcase classname="tests.test_real_local_showcase" name="test_gateway_failure_categories_are_distinct_and_body_free" time="0.001" /><testcase classname="tests.test_real_local_showcase" name="test_agent_task_create_maps_client_read_timeout_without_response_body" time="0.001" /><testcase classname="tests.test_real_local_showcase" name="test_runtime_gateway_runner_timeout_order_is_explicit" time="0.004" /><testcase classname="tests.test_real_local_showcase" name="test_slow_gateway_uses_only_the_process_local_synthetic_fixture" time="0.011" /><testcase classname="tests.test_real_local_showcase" name="test_showcase_uses_independent_orders_for_commit_and_fact_change" time="0.002" /><testcase classname="tests.test_release_entry_contract" name="test_formal_entry_creates_one_new_empty_ledger" time="0.004" /><testcase classname="tests.test_release_entry_contract" name="test_existing_ledger_or_lock_is_rejected_without_truncation" time="0.008" /><testcase classname="tests.test_release_entry_contract" name="test_host_container_path_mismatch_fails_before_creation" time="0.005" /><testcase classname="tests.test_release_entry_contract" name="test_empty_entry_ledger_reserves_and_settles_first_fake_provider_attempt" time="0.534" /><testcase classname="tests.test_release_entry_contract" name="test_missing_ledger_still_fails_closed_before_network" time="0.011" /><testcase classname="tests.test_release_evaluation" name="test_release_evaluation_runs_every_registered_case_and_runtime_smokes" time="0.088" /><testcase classname="tests.test_release_evaluation" name="test_release_evaluation_keeps_invalid_decision_failures_visible" time="0.119" /><testcase classname="tests.test_release_ledger.ReleaseLedgerTests" name="test_budget_denial_does_not_open_http_socket" time="0.030" /><testcase classname="tests.test_release_ledger.ReleaseLedgerTests" name="test_budget_is_classified_before_next_phase_as_budget_exhausted" time="0.000" /><testcase classname="tests.test_release_ledger.ReleaseLedgerTests" name="test_concurrent_reservations_never_exceed_shared_limit" time="0.261" /><testcase classname="tests.test_release_ledger.ReleaseLedgerTests" name="test_each_retry_reserves_an_actual_http_attempt" time="0.061" /><testcase classname="tests.test_release_ledger.ReleaseLedgerTests" name="test_final_after_failed_batch_uses_a_new_single_use_lock" time="0.028" /><testcase classname="tests.test_release_ledger.ReleaseLedgerTests" name="test_local_fake_provider_records_three_successes_and_one_failure" time="0.606" /><testcase classname="tests.test_release_ledger.ReleaseLedgerTests" name="test_malformed_active_ledger_fails_closed" time="0.005" /><testcase classname="tests.test_release_ledger.ReleaseLedgerTests" name="test_process_ledger_sync_binds_raw_events_and_fails_without_path" time="0.026" /><testcase classname="tests.test_release_ledger.ReleaseLedgerTests" name="test_release_lock_create_is_exclusive_and_final_update_is_atomic" time="0.012" /><testcase classname="tests.test_release_ledger.ReleaseLedgerTests" name="test_report_zero_metrics_never_overwrite_shared_provider_ledger" time="0.001" /><testcase classname="tests.test_release_ledger.ReleaseLedgerTests" name="test_reservation_allows_six_hundred_then_denies_before_network" time="11.195" /><testcase classname="tests.test_release_ledger.ReleaseLedgerTests" name="test_token_reservation_allows_equal_limit_and_denies_over_limit" time="0.066" /><testcase classname="tests.test_release_manifest" name="test_release_manifest_has_reviewed_inventory_and_integrity_digests" time="0.076" /><testcase classname="tests.test_release_manifest" name="test_manifest_rejects_duplicate_case_ids_instead_of_recounting_them" time="0.087" /><testcase classname="tests.test_release_manifest" name="test_manifest_rejects_fixture_mutation_even_when_shape_stays_valid" time="0.056" /><testcase classname="tests.test_release_manifest" name="test_manifest_rejects_skip_or_allow_failure_controls" time="0.035" /><testcase classname="tests.test_release_manifest" name="test_manifest_rejects_empty_executable_assertions" time="0.060" /><testcase classname="tests.test_reliability_service" name="test_token_bucket_hashes_scope_and_returns_retry_after" time="0.001" /><testcase classname="tests.test_reliability_service" name="test_session_lock_rejects_parallel_operation_and_releases_owner_token" time="0.001" /><testcase classname="tests.test_reliability_service" name="test_dependency_circuit_cools_down_and_metrics_expose_percentiles" time="0.001" /><testcase classname="tests.test_runtime_skill_visibility" name="test_model_visible_catalog_has_real_paths_and_no_backlog_or_internal_entries" time="0.001" /><testcase classname="tests.test_runtime_skill_visibility" name="test_internal_mappings_are_exact_and_backlog_is_preserved" time="0.001" /><testcase classname="tests.test_service_case_client" name="test_customer_case_client_rejects_java_private_fields" time="0.001" /><testcase classname="tests.test_service_case_client" name="test_customer_case_client_maps_conflict_without_replaying_write" time="0.002" /><testcase classname="tests.test_service_case_client" name="test_customer_case_client_requires_bearer_before_network_call" time="0.001" /><testcase classname="tests.test_service_case_client" name="test_customer_case_client_rejects_awaiting_case_without_server_required_type" time="0.001" /><testcase classname="tests.test_service_case_client" name="test_customer_information_forwards_only_server_selected_allow_list_type" time="0.002" /><testcase classname="tests.test_service_case_routers" name="test_customer_service_case_route_verifies_member_then_returns_safe_projection" time="0.010" /><testcase classname="tests.test_service_case_routers" name="test_customer_service_case_write_stops_before_java_on_unauthenticated_request" time="0.020" /><testcase classname="tests.test_service_case_routers" name="test_processor_route_requires_its_own_profile_and_never_calls_customer_boundary" time="0.021" /><testcase classname="tests.test_service_case_routers" name="test_customer_or_operations_token_is_rejected_before_processor_case_read" time="0.013" /><testcase classname="tests.test_service_operations_client" name="test_processor_client_accepts_only_dedicated_processor_profile" time="0.003" /><testcase classname="tests.test_service_operations_client" name="test_processor_client_rejects_operations_role_boundary" time="0.002" /><testcase classname="tests.test_service_operations_client" name="test_processor_claim_forwards_only_version_and_idempotency" time="0.002" /><testcase classname="tests.test_skill_catalog.SkillCatalogTests" name="test_allowed_skill_tool_pair_remains_available" time="0.002" /><testcase classname="tests.test_skill_catalog.SkillCatalogTests" name="test_committed_catalog_has_the_six_business_skills_and_versions" time="0.001" /><testcase classname="tests.test_skill_catalog.SkillCatalogTests" name="test_customer_route_to_skill_mapping_is_closed_and_not_keyword_based" time="0.003" /><testcase classname="tests.test_skill_catalog.SkillCatalogTests" name="test_diagnosis_inventory_tool_matches_the_existing_read_only_allow_list" time="0.002" /><testcase classname="tests.test_skill_catalog.SkillCatalogTests" name="test_role_cannot_select_another_role_skill" time="0.003" /><testcase classname="tests.test_skill_catalog.SkillCatalogTests" name="test_tool_registry_denies_tool_not_in_selected_skill_before_execution" time="0.003" /><testcase classname="tests.test_structured_output_gateway.StructuredOutputGatewayTests" name="test_executor_decision_accepts_each_terminal_shape_without_cross_fields" time="0.002" /><testcase classname="tests.test_structured_output_gateway.StructuredOutputGatewayTests" name="test_executor_decision_accepts_only_declared_camel_case_wire_aliases" time="0.002" /><testcase classname="tests.test_structured_output_gateway.StructuredOutputGatewayTests" name="test_executor_decision_rejects_fields_owned_by_another_decision" time="0.005" /><testcase classname="tests.test_structured_output_gateway.StructuredOutputGatewayTests" name="test_gateway_appends_schema_and_returns_strictly_valid_model" time="0.003" /><testcase classname="tests.test_structured_output_gateway.StructuredOutputGatewayTests" name="test_gateway_blocks_after_one_unsuccessful_protocol_correction" time="0.005" /><testcase classname="tests.test_structured_output_gateway.StructuredOutputGatewayTests" name="test_gateway_classifies_shape_errors_and_keeps_only_safe_paths" time="0.003" /><testcase classname="tests.test_structured_output_gateway.StructuredOutputGatewayTests" name="test_gateway_corrects_once_with_allowlisted_error_codes_only" time="0.004" /><testcase classname="tests.test_structured_output_gateway.StructuredOutputGatewayTests" name="test_gateway_does_not_resend_raw_input_when_no_safe_correction_context_exists" time="0.002" /><testcase classname="tests.test_structured_output_gateway.StructuredOutputGatewayTests" name="test_gateway_does_not_retry_a_provider_connectivity_failure" time="0.003" /><testcase classname="tests.test_structured_output_gateway.StructuredOutputGatewayTests" name="test_gateway_exposes_only_safe_schema_failure_diagnostics" time="0.002" /><testcase classname="tests.test_structured_output_gateway.StructuredOutputGatewayTests" name="test_gateway_rejects_an_undeclared_enum_value" time="0.002" /><testcase classname="tests.test_structured_output_gateway.StructuredOutputGatewayTests" name="test_gateway_rejects_unexpected_nested_provider_fields" time="0.002" /><testcase classname="tests.test_structured_output_gateway.StructuredOutputGatewayTests" name="test_gateway_rejects_unexpected_provider_fields" time="0.002" /><testcase classname="tests.test_structured_output_gateway.StructuredOutputGatewayTests" name="test_gateway_rejects_wrong_scalar_types_without_coercion" time="0.002" /><testcase classname="tests.test_structured_output_gateway.StructuredOutputGatewayTests" name="test_json_object_mode_adds_provider_request_flag" time="0.001" /><testcase classname="tests.test_structured_output_gateway.StructuredOutputGatewayTests" name="test_json_object_parser_accepts_one_bounded_presentation_prefix" time="0.001" /><testcase classname="tests.test_structured_output_gateway.StructuredOutputGatewayTests" name="test_prompt_json_mode_preserves_existing_request_shape" time="0.001" /><testcase classname="tests.test_structured_output_gateway.StructuredOutputGatewayTests" name="test_unknown_json_delivery_mode_fails_before_provider_call" time="0.001" /><testcase classname="tests.test_task_orchestration_evaluation" name="test_task_orchestration_contract_mock_suite_is_side_effect_free_and_green" time="0.006" /><testcase classname="tests.test_task_orchestration_service.TaskOrchestrationServiceTests" name="test_ambiguous_a_or_b_recovery_requests_clarification_without_state_change" time="0.002" /><testcase classname="tests.test_task_orchestration_service.TaskOrchestrationServiceTests" name="test_different_member_cannot_reuse_or_view_a_task" time="0.002" /><testcase classname="tests.test_task_orchestration_service.TaskOrchestrationServiceTests" name="test_expired_task_is_not_resumed" time="0.001" /><testcase classname="tests.test_task_orchestration_service.TaskOrchestrationServiceTests" name="test_paused_task_survives_a_new_conversation_manager_instance" time="0.001" /><testcase classname="tests.test_task_orchestration_service.TaskOrchestrationServiceTests" name="test_resume_paused_restores_only_the_matching_task" time="0.002" /><testcase classname="tests.test_task_orchestration_service.TaskOrchestrationServiceTests" name="test_snapshot_contract_rejects_identifier_and_credential_payloads" time="0.001" /><testcase classname="tests.test_task_orchestration_service.TaskOrchestrationServiceTests" name="test_standalone_chat_does_not_discard_an_active_task" time="0.001" /><testcase classname="tests.test_task_orchestration_service.TaskOrchestrationServiceTests" name="test_temporary_detour_pauses_the_waiting_task_without_parsing_new_message" time="0.001" /><testcase classname="tests.test_task_orchestration_service.TaskOrchestrationServiceTests" name="test_third_long_running_task_requires_clarification_instead_of_overwriting" time="0.002" /><testcase classname="tests.test_task_orchestration_service.TaskOrchestrationServiceTests" name="test_transaction_gate_does_not_block_a_new_after_sales_task" time="0.001" /><testcase classname="tests.test_task_orchestration_service.TaskOrchestrationServiceTests" name="test_two_occupied_slots_reject_a_misclassified_standalone_logistics_request" time="0.002" /><testcase classname="tests.test_task_runtime" name="test_executor_prompt_handles_unspecified_after_sales_draft_without_guessing_type" time="0.001" /><testcase classname="tests.test_task_runtime" name="test_runtime_runs_dynamic_read_then_finishes_without_persisting_raw_goal" time="0.004" /><testcase classname="tests.test_task_runtime" name="test_explicit_identifier_message_becomes_turn_local_reference_hints" time="0.003" /><testcase classname="tests.test_task_runtime" name="test_missing_declared_order_input_waits_before_model_and_preserves_task" time="0.002" /><testcase classname="tests.test_task_runtime" name="test_missing_declared_order_input_resumes_same_task_after_reference" time="0.004" /><testcase classname="tests.test_task_runtime" name="test_provider_binds_echoed_turn_order_ref_to_unique_verified_artifact" time="0.001" /><testcase classname="tests.test_task_runtime" name="test_server_generated_opaque_reference_with_numeric_run_is_allowed" time="0.000" /><testcase classname="tests.test_task_runtime" name="test_persisted_proposal_accepts_numeric_opaque_artifact_reference" time="0.001" /><testcase classname="tests.test_task_runtime" name="test_runtime_does_not_burn_budget_on_duplicate_read_decision" time="0.004" /><testcase classname="tests.test_task_runtime" name="test_logistics_only_read_is_rejected_when_order_reader_is_available" time="0.002" /><testcase classname="tests.test_task_runtime" name="test_model_cannot_invent_an_order_reference" time="0.002" /><testcase classname="tests.test_task_runtime" name="test_finish_without_observation_repairs_to_safe_clarification" time="0.001" /><testcase classname="tests.test_task_runtime" name="test_server_repair_finishes_when_resolution_candidate_is_already_verified" time="0.001" /><testcase classname="tests.test_task_runtime" name="test_server_repair_reads_order_after_application_list_before_completion" time="0.001" /><testcase classname="tests.test_task_runtime" name="test_runtime_rejects_unknown_skill_before_gateway_invocation" time="0.002" /><testcase classname="tests.test_task_runtime" name="test_model_failure_safely_blocks_before_any_skill_or_action" time="0.002" /><testcase classname="tests.test_task_runtime" name="test_runtime_deadline_is_capped_at_240_seconds" time="0.001" /><testcase classname="tests.test_task_runtime" name="test_runtime_cannot_finish_after_a_failed_fact_skill" time="0.002" /><testcase classname="tests.test_task_runtime" name="test_catalog_comparison_cannot_finish_after_search_only" time="0.003" /><testcase classname="tests.test_task_runtime" name="test_commit_requires_current_verified_order_fact_and_explicit_confirmation" time="0.004" /><testcase classname="tests.test_task_runtime" name="test_draft_confirmation_uses_catalog_executor_and_writes_once" time="0.003" /><testcase classname="tests.test_task_runtime" name="test_human_case_proposal_waits_for_required_safe_artifacts" time="0.003" /><testcase classname="tests.test_task_runtime" name="test_missing_application_type_waits_and_same_task_can_resume" time="0.005" /><testcase classname="tests.test_task_runtime" name="test_explicit_cancel_refund_with_insufficient_policy_evidence_forms_conditional_draft" time="0.005" /><testcase classname="tests.test_task_runtime" name="test_insufficient_policy_evidence_cannot_guess_application_type_from_policy_like_text" time="0.004" /><testcase classname="tests.test_task_runtime" name="test_legacy_proposal_without_executor_mapping_is_safe_block" time="0.005" /><testcase classname="tests.test_task_runtime" name="test_confirmation_rejects_proposal_hash_or_mapping_tampering_without_gateway_call" time="0.005" /><testcase classname="tests.test_task_runtime" name="test_unknown_commit_result_keeps_binding_and_rejects_duplicate_confirmation" time="0.003" /><testcase classname="tests.test_task_runtime" name="test_commit_proposal_cannot_reference_another_task_or_unverified_fact" time="0.004" /><testcase classname="tests.test_task_runtime" name="test_executor_cannot_supply_the_runtime_idempotency_key" time="0.003" /><testcase classname="tests.test_task_runtime" name="test_executor_cannot_call_a_draft_skill_without_an_action_proposal" time="0.002" /><testcase classname="tests.test_task_runtime" name="test_parallel_read_calls_cannot_cross_the_remaining_tool_budget" time="0.001" /><testcase classname="tests.test_task_runtime" name="test_spawn_subtask_creates_a_real_owner_scoped_task_without_gateway_write" time="0.003" /><testcase classname="tests.test_task_runtime" name="test_context_pack_is_present_on_the_executor_turn_after_a_read" time="0.003" /><testcase classname="tests.test_task_runtime" name="test_invalid_curator_memory_projection_is_dropped_without_runtime_failure" time="0.002" /><testcase classname="tests.test_task_runtime" name="test_task_memory_skill_is_owner_scoped_and_never_calls_gateway" time="0.004" /><testcase classname="tests.test_task_runtime" name="test_task_memory_survives_a_fresh_runtime_when_task_store_persists" time="0.004" /><testcase classname="tests.test_task_runtime" name="test_task_owner_cannot_read_another_members_task" time="0.001" /><testcase classname="tests.test_task_runtime" name="test_runtime_reference_vault_is_task_owner_bound_and_expiry_safe" time="0.000" /><testcase classname="tests.test_task_runtime" name="test_java_backed_gateway_rechecks_eligibility_before_confirmed_write" time="0.002" /><testcase classname="tests.test_task_runtime" name="test_gateway_does_not_write_when_order_reference_belongs_to_another_owner" time="0.002" /><testcase classname="tests.test_tool_registry.ToolRegistryTests" name="test_missing_field_helper_uses_the_same_execution_contract" time="0.001" /><testcase classname="tests.test_tool_registry.ToolRegistryTests" name="test_required_schema_field_is_enforced_by_server" time="0.001" /><testcase classname="tests.test_trace_service.TraceServiceTests" name="test_accepts_only_allowlisted_intent_route_and_prompt_version_metadata" time="0.001" /><testcase classname="tests.test_trace_service.TraceServiceTests" name="test_context_capture_isolated_from_default_sink" time="0.001" /><testcase classname="tests.test_trace_service.TraceServiceTests" name="test_drops_sensitive_details_and_hashes_session_id" time="0.001" /><testcase classname="tests.test_trace_service.TraceServiceTests" name="test_structured_failure_diagnostics_are_metadata_only" time="0.001" /><testcase classname="tests.test_trace_service.TraceServiceTests" name="test_task_turn_trace_keeps_only_closed_orchestration_metadata" time="0.001" /><testcase classname="tests.test_trace_service.TraceServiceTests" name="test_trace_sink_failure_does_not_escape_to_customer_workflow" time="0.001" /><testcase classname="tests.test_trace_service.TraceServiceTests" name="test_trace_v2_keeps_only_safe_timing_result_and_contract_metadata" time="0.002" /><testcase classname="tests.test_unified_after_sales_graph.UnifiedAfterSalesGraphTests" name="test_accepted_application_normalizes_change_to_supplement_only" time="0.001" /><testcase classname="tests.test_unified_after_sales_graph.UnifiedAfterSalesGraphTests" name="test_cancel_write_only_happens_after_server_pending_action_is_confirmed" time="0.372" /><testcase classname="tests.test_unified_after_sales_graph.UnifiedAfterSalesGraphTests" name="test_direct_modification_narrative_never_uses_keyword_fallback" time="0.001" /><testcase classname="tests.test_unified_after_sales_graph.UnifiedAfterSalesGraphTests" name="test_multiple_applications_require_explicit_customer_selection" time="0.020" /><testcase classname="tests.test_unified_after_sales_graph.UnifiedAfterSalesGraphTests" name="test_public_completed_action_remains_customer_safe_and_hides_rag" time="0.001" /><testcase classname="tests.test_unified_after_sales_graph.UnifiedAfterSalesGraphTests" name="test_read_only_investigation_fails_closed_when_model_is_unavailable" time="0.032" /><testcase classname="tests.test_unified_after_sales_graph.UnifiedAfterSalesGraphTests" name="test_read_only_react_is_a_unified_after_sales_subflow" time="0.033" /><testcase classname="tests.test_unified_after_sales_graph.UnifiedAfterSalesGraphTests" name="test_same_member_can_use_recent_verified_target_but_other_member_cannot" time="0.031" /><testcase classname="tests.test_v3_live_synthetic_runner" name="test_runner_maps_each_registered_case_to_a_safe_versioned_template" time="0.078" /><testcase classname="tests.test_v3_live_synthetic_runner" name="test_runner_keeps_model_unavailability_visible" time="0.072" /><testcase classname="tests.test_verify_compose_stack.ComposeStackVerificationTests" name="test_accepts_the_expected_vue_document_response" time="0.002" /><testcase classname="tests.test_verify_compose_stack.ComposeStackVerificationTests" name="test_requires_fastapi_ready_status" time="0.001" /><testcase classname="tests.test_verify_compose_stack.ComposeStackVerificationTests" name="test_requires_java_actuator_up_status" time="0.001" /></testsuite></testsuites>